2022-05-25 11:00:48,431 - spam_application - INFO - creating an instance of auxiliary_module.Auxiliary
2022-05-25 11:00:48,432 - spam_application.auxiliary.Auxiliary - INFO - creating an instance of Auxiliary
2022-05-25 11:00:48,432 - spam_application - INFO - created an instance of auxiliary_module.Auxiliary
2022-05-25 11:00:48,432 - spam_application - INFO - calling auxiliary_module.Auxiliary.do_something
2022-05-25 11:00:48,432 - spam_application.auxiliary.Auxiliary - INFO - doing something
2022-05-25 11:00:48,432 - spam_application.auxiliary.Auxiliary - INFO - done doing something
2022-05-25 11:00:48,432 - spam_application - INFO - finished auxiliary_module.Auxiliary.do_something
2022-05-25 11:00:48,432 - spam_application - INFO - calling auxiliary_module.some_function()
2022-05-25 11:00:48,432 - spam_application.auxiliary - INFO - received a call to "some_function"
2022-05-25 11:00:48,432 - spam_application - INFO - done with auxiliary_module.some_function()
2022-05-25 11:01:44,955 - spam_application - INFO - creating an instance of auxiliary_module.Auxiliary
2022-05-25 11:01:44,955 - spam_application.auxiliary.Auxiliary - INFO - creating an instance of Auxiliary
2022-05-25 11:01:44,955 - spam_application - INFO - created an instance of auxiliary_module.Auxiliary
2022-05-25 11:01:44,955 - spam_application - INFO - calling auxiliary_module.Auxiliary.do_something
2022-05-25 11:01:44,955 - spam_application.auxiliary.Auxiliary - INFO - doing something
2022-05-25 11:01:44,955 - spam_application.auxiliary.Auxiliary - INFO - done doing something
2022-05-25 11:01:44,956 - spam_application - INFO - finished auxiliary_module.Auxiliary.do_something
2022-05-25 11:01:44,956 - spam_application - INFO - calling auxiliary_module.some_function()
2022-05-25 11:01:44,956 - spam_application.auxiliary - INFO - received a call to "some_function"
2022-05-25 11:01:44,956 - spam_application - INFO - done with auxiliary_module.some_function()
