2022-05-25 11:06:32,752 - spam_application - INFO - creating an instance of auxiliary_module.Auxiliary
2022-05-25 11:06:32,752 - spam_application.auxiliary.Auxiliary - INFO - creating an instance of Auxiliary
2022-05-25 11:06:32,752 - spam_application - INFO - created an instance of auxiliary_module.Auxiliary
2022-05-25 11:06:32,752 - spam_application - INFO - calling auxiliary_module.Auxiliary.do_something
2022-05-25 11:06:32,752 - spam_application.auxiliary.Auxiliary - INFO - doing something
2022-05-25 11:06:32,752 - spam_application.auxiliary.Auxiliary - INFO - done doing something
2022-05-25 11:06:32,752 - spam_application - INFO - finished auxiliary_module.Auxiliary.do_something
2022-05-25 11:06:32,752 - spam_application - INFO - calling auxiliary_module.some_function()
2022-05-25 11:06:32,752 - spam_application.auxiliary - INFO - received a call to "some_function"
2022-05-25 11:06:32,752 - spam_application - INFO - done with auxiliary_module.some_function()
2022-05-25 11:07:02,407 - spam_application - INFO - creating an instance of auxiliary_module.Auxiliary
2022-05-25 11:07:02,407 - spam_application.auxiliary.Auxiliary - INFO - creating an instance of Auxiliary
2022-05-25 11:07:02,407 - spam_application - INFO - created an instance of auxiliary_module.Auxiliary
2022-05-25 11:07:02,407 - spam_application - INFO - calling auxiliary_module.Auxiliary.do_something
2022-05-25 11:07:02,407 - spam_application.auxiliary.Auxiliary - INFO - doing something
2022-05-25 11:07:02,407 - spam_application.auxiliary.Auxiliary - INFO - done doing something
2022-05-25 11:07:02,407 - spam_application - INFO - finished auxiliary_module.Auxiliary.do_something
2022-05-25 11:07:02,407 - spam_application - INFO - calling auxiliary_module.some_function()
2022-05-25 11:07:02,408 - spam_application.auxiliary - INFO - received a call to "some_function"
2022-05-25 11:07:02,408 - spam_application - INFO - done with auxiliary_module.some_function()
2022-05-25 11:35:37,050 - simple_example - DEBUG - debug message
2022-05-25 11:35:37,051 - simple_example - INFO - info message
2022-05-25 11:35:37,051 - simple_example - WARNING - warn message
2022-05-25 11:35:37,051 - simple_example - ERROR - error message
2022-05-25 11:35:37,051 - simple_example - CRITICAL - critical message
2022-05-25 11:36:22,220 - simple_example - DEBUG - debug message
2022-05-25 11:36:22,221 - simple_example - INFO - info message
2022-05-25 11:36:22,221 - simple_example - WARNING - warn message
2022-05-25 11:36:22,221 - simple_example - ERROR - error message
2022-05-25 11:36:22,221 - simple_example - CRITICAL - critical message
